2020-10-01 09:47:54,959 : Starting App on MacBook-Pro.local with PID 20246 (/Users/clairgustafson/git/StudentGroupApi/StudentGroup/target/classes started by clairgustafson in /Users/clairgustafson/git/StudentGroupApi/StudentGroup)
2020-10-01 09:47:54,967 : No active profile set, falling back to default profiles: default
2020-10-01 09:47:55,520 : Bootstrapping Spring Data JPA repositories in DEFERRED mode.
2020-10-01 09:47:55,538 : Finished Spring Data repository scanning in 11ms. Found 0 JPA repository interfaces.
2020-10-01 09:47:56,035 : Tomcat initialized with port(s): 8080 (http)
2020-10-01 09:47:56,044 : Initializing ProtocolHandler ["http-nio-8080"]
2020-10-01 09:47:56,045 : Starting service [Tomcat]
2020-10-01 09:47:56,045 : Starting Servlet engine: [Apache Tomcat/9.0.37]
2020-10-01 09:47:56,125 : Initializing Spring embedded WebApplicationContext
2020-10-01 09:47:56,125 : Root WebApplicationContext: initialization completed in 1120 ms
2020-10-01 09:47:56,262 : Initializing ExecutorService 'applicationTaskExecutor'
2020-10-01 09:47:56,305 : HHH000204: Processing PersistenceUnitInfo [name: default]
2020-10-01 09:47:56,323 : spring.jpa.open-in-view is enabled by default. Therefore, database queries may be performed during view rendering. Explicitly configure spring.jpa.open-in-view to disable this warning
2020-10-01 09:47:56,368 : HHH000412: Hibernate ORM core version 5.4.20.Final
2020-10-01 09:47:56,562 : HCANN000001: Hibernate Commons Annotations {5.1.0.Final}
2020-10-01 09:47:56,673 : Starting ProtocolHandler ["http-nio-8080"]
2020-10-01 09:47:56,694 : HikariPool-1 - Starting...
2020-10-01 09:47:56,707 : Tomcat started on port(s): 8080 (http) with context path ''
2020-10-01 09:47:56,709 : Triggering deferred initialization of Spring Data repositories…
2020-10-01 09:47:56,709 : Spring Data repositories initialized!
2020-10-01 09:47:56,719 : Started App in 2.059 seconds (JVM running for 3.097)
2020-10-01 09:47:57,123 : HikariPool-1 - Start completed.
2020-10-01 09:47:57,142 : HHH000400: Using dialect: org.hibernate.dialect.MySQL5Dialect
2020-10-01 09:47:57,387 : HHH000490: Using JtaPlatform implementation: [org.hibernate.engine.transaction.jta.platform.internal.NoJtaPlatform]
2020-10-01 09:47:57,394 : Initialized JPA EntityManagerFactory for persistence unit 'default'
2020-10-01 09:48:08,015 : Closing JPA EntityManagerFactory for persistence unit 'default'
2020-10-01 09:48:08,016 : Shutting down ExecutorService 'applicationTaskExecutor'
2020-10-01 09:48:08,017 : HikariPool-1 - Shutdown initiated...
2020-10-01 09:48:08,025 : HikariPool-1 - Shutdown completed.
